2025-07-04 20:54:34.745  INFO 24484 --- [main] org.shamee.launcher.Application          : Starting Application using Java 21.0.6 with PID 24484 (E:\idea_projects\chai-admin\chai-admin-service\chai-admin-launcher\target\classes started by 79304 in E:\idea_projects\chai-admin\chai-admin-service\chai-admin-launcher)
2025-07-04 20:54:34.759 DEBUG 24484 --- [main] org.shamee.launcher.Application          : Running with Spring Boot v3.4.2, Spring v6.2.2
2025-07-04 20:54:34.761  INFO 24484 --- [main] org.shamee.launcher.Application          : The following 1 profile is active: "dev"
2025-07-04 20:54:34.964  WARN 24484 --- [main] ConfigServletWebServerApplicationContext : Exception encountered during context initialization - cancelling refresh attempt: org.springframework.beans.factory.BeanDefinitionStoreException: Failed to parse configuration class [org.shamee.launcher.Application]
2025-07-04 20:54:35.162 ERROR 24484 --- [main] o.s.boot.SpringApplication               : Application run failed

org.springframework.beans.factory.BeanDefinitionStoreException: Failed to parse configuration class [org.shamee.launcher.Application]
	at org.springframework.context.annotation.ConfigurationClassParser.parse(ConfigurationClassParser.java:185) ~[spring-context-6.2.2.jar:6.2.2]
	at org.springframework.context.annotation.ConfigurationClassPostProcessor.processConfigBeanDefinitions(ConfigurationClassPostProcessor.java:418) ~[spring-context-6.2.2.jar:6.2.2]
	at org.springframework.context.annotation.ConfigurationClassPostProcessor.postProcessBeanDefinitionRegistry(ConfigurationClassPostProcessor.java:290) ~[spring-context-6.2.2.jar:6.2.2]
	at org.springframework.context.support.PostProcessorRegistrationDelegate.invokeBeanDefinitionRegistryPostProcessors(PostProcessorRegistrationDelegate.java:349) ~[spring-context-6.2.2.jar:6.2.2]
	at org.springframework.context.support.PostProcessorRegistrationDelegate.invokeBeanFactoryPostProcessors(PostProcessorRegistrationDelegate.java:118) ~[spring-context-6.2.2.jar:6.2.2]
	at org.springframework.context.support.AbstractApplicationContext.invokeBeanFactoryPostProcessors(AbstractApplicationContext.java:791) ~[spring-context-6.2.2.jar:6.2.2]
	at org.springframework.context.support.AbstractApplicationContext.refresh(AbstractApplicationContext.java:609) ~[spring-context-6.2.2.jar:6.2.2]
	at org.springframework.boot.web.servlet.context.ServletWebServerApplicationContext.refresh(ServletWebServerApplicationContext.java:146) ~[spring-boot-3.4.2.jar:3.4.2]
	at org.springframework.boot.SpringApplication.refresh(SpringApplication.java:752) ~[spring-boot-3.4.2.jar:3.4.2]
	at org.springframework.boot.SpringApplication.refreshContext(SpringApplication.java:439) ~[spring-boot-3.4.2.jar:3.4.2]
	at org.springframework.boot.SpringApplication.run(SpringApplication.java:318) ~[spring-boot-3.4.2.jar:3.4.2]
	at org.springframework.boot.SpringApplication.run(SpringApplication.java:1361) ~[spring-boot-3.4.2.jar:3.4.2]
	at org.springframework.boot.SpringApplication.run(SpringApplication.java:1350) ~[spring-boot-3.4.2.jar:3.4.2]
	at org.shamee.launcher.Application.main(Application.java:24) ~[classes/:na]
Caused by: org.springframework.context.annotation.ConflictingBeanDefinitionException: Annotation-specified bean name 'globalExceptionHandler' for bean class [org.shamee.common.exception.GlobalExceptionHandler] conflicts with existing, non-compatible bean definition of same name and class [org.shamee.system.exception.GlobalExceptionHandler]
	at org.springframework.context.annotation.ClassPathBeanDefinitionScanner.checkCandidate(ClassPathBeanDefinitionScanner.java:361) ~[spring-context-6.2.2.jar:6.2.2]
	at org.springframework.context.annotation.ClassPathBeanDefinitionScanner.doScan(ClassPathBeanDefinitionScanner.java:288) ~[spring-context-6.2.2.jar:6.2.2]
	at org.springframework.context.annotation.ComponentScanAnnotationParser.parse(ComponentScanAnnotationParser.java:128) ~[spring-context-6.2.2.jar:6.2.2]
	at org.springframework.context.annotation.ConfigurationClassParser.doProcessConfigurationClass(ConfigurationClassParser.java:332) ~[spring-context-6.2.2.jar:6.2.2]
	at org.springframework.context.annotation.ConfigurationClassParser.processConfigurationClass(ConfigurationClassParser.java:267) ~[spring-context-6.2.2.jar:6.2.2]
	at org.springframework.context.annotation.ConfigurationClassParser.parse(ConfigurationClassParser.java:193) ~[spring-context-6.2.2.jar:6.2.2]
	at org.springframework.context.annotation.ConfigurationClassParser.parse(ConfigurationClassParser.java:171) ~[spring-context-6.2.2.jar:6.2.2]
	... 13 common frames omitted

2025-07-04 20:55:26.551  INFO 24888 --- [main] org.shamee.launcher.Application          : Starting Application using Java 21.0.6 with PID 24888 (E:\idea_projects\chai-admin\chai-admin-service\chai-admin-launcher\target\classes started by 79304 in E:\idea_projects\chai-admin\chai-admin-service\chai-admin-launcher)
2025-07-04 20:55:26.560 DEBUG 24888 --- [main] org.shamee.launcher.Application          : Running with Spring Boot v3.4.2, Spring v6.2.2
2025-07-04 20:55:26.561  INFO 24888 --- [main] org.shamee.launcher.Application          : The following 1 profile is active: "dev"
2025-07-04 20:55:26.790  WARN 24888 --- [main] ConfigServletWebServerApplicationContext : Exception encountered during context initialization - cancelling refresh attempt: org.springframework.beans.factory.BeanDefinitionStoreException: Failed to parse configuration class [org.shamee.launcher.Application]
2025-07-04 20:55:26.909 ERROR 24888 --- [main] o.s.boot.SpringApplication               : Application run failed

org.springframework.beans.factory.BeanDefinitionStoreException: Failed to parse configuration class [org.shamee.launcher.Application]
	at org.springframework.context.annotation.ConfigurationClassParser.parse(ConfigurationClassParser.java:185) ~[spring-context-6.2.2.jar:6.2.2]
	at org.springframework.context.annotation.ConfigurationClassPostProcessor.processConfigBeanDefinitions(ConfigurationClassPostProcessor.java:418) ~[spring-context-6.2.2.jar:6.2.2]
	at org.springframework.context.annotation.ConfigurationClassPostProcessor.postProcessBeanDefinitionRegistry(ConfigurationClassPostProcessor.java:290) ~[spring-context-6.2.2.jar:6.2.2]
	at org.springframework.context.support.PostProcessorRegistrationDelegate.invokeBeanDefinitionRegistryPostProcessors(PostProcessorRegistrationDelegate.java:349) ~[spring-context-6.2.2.jar:6.2.2]
	at org.springframework.context.support.PostProcessorRegistrationDelegate.invokeBeanFactoryPostProcessors(PostProcessorRegistrationDelegate.java:118) ~[spring-context-6.2.2.jar:6.2.2]
	at org.springframework.context.support.AbstractApplicationContext.invokeBeanFactoryPostProcessors(AbstractApplicationContext.java:791) ~[spring-context-6.2.2.jar:6.2.2]
	at org.springframework.context.support.AbstractApplicationContext.refresh(AbstractApplicationContext.java:609) ~[spring-context-6.2.2.jar:6.2.2]
	at org.springframework.boot.web.servlet.context.ServletWebServerApplicationContext.refresh(ServletWebServerApplicationContext.java:146) ~[spring-boot-3.4.2.jar:3.4.2]
	at org.springframework.boot.SpringApplication.refresh(SpringApplication.java:752) ~[spring-boot-3.4.2.jar:3.4.2]
	at org.springframework.boot.SpringApplication.refreshContext(SpringApplication.java:439) ~[spring-boot-3.4.2.jar:3.4.2]
	at org.springframework.boot.SpringApplication.run(SpringApplication.java:318) ~[spring-boot-3.4.2.jar:3.4.2]
	at org.springframework.boot.SpringApplication.run(SpringApplication.java:1361) ~[spring-boot-3.4.2.jar:3.4.2]
	at org.springframework.boot.SpringApplication.run(SpringApplication.java:1350) ~[spring-boot-3.4.2.jar:3.4.2]
	at org.shamee.launcher.Application.main(Application.java:22) ~[classes/:na]
Caused by: org.springframework.context.annotation.ConflictingBeanDefinitionException: Annotation-specified bean name 'globalExceptionHandler' for bean class [org.shamee.common.exception.GlobalExceptionHandler] conflicts with existing, non-compatible bean definition of same name and class [org.shamee.system.exception.GlobalExceptionHandler]
	at org.springframework.context.annotation.ClassPathBeanDefinitionScanner.checkCandidate(ClassPathBeanDefinitionScanner.java:361) ~[spring-context-6.2.2.jar:6.2.2]
	at org.springframework.context.annotation.ClassPathBeanDefinitionScanner.doScan(ClassPathBeanDefinitionScanner.java:288) ~[spring-context-6.2.2.jar:6.2.2]
	at org.springframework.context.annotation.ComponentScanAnnotationParser.parse(ComponentScanAnnotationParser.java:128) ~[spring-context-6.2.2.jar:6.2.2]
	at org.springframework.context.annotation.ConfigurationClassParser.doProcessConfigurationClass(ConfigurationClassParser.java:332) ~[spring-context-6.2.2.jar:6.2.2]
	at org.springframework.context.annotation.ConfigurationClassParser.processConfigurationClass(ConfigurationClassParser.java:267) ~[spring-context-6.2.2.jar:6.2.2]
	at org.springframework.context.annotation.ConfigurationClassParser.parse(ConfigurationClassParser.java:193) ~[spring-context-6.2.2.jar:6.2.2]
	at org.springframework.context.annotation.ConfigurationClassParser.parse(ConfigurationClassParser.java:171) ~[spring-context-6.2.2.jar:6.2.2]
	... 13 common frames omitted

2025-07-04 20:57:52.107  INFO 12272 --- [main] org.shamee.launcher.Application          : Starting Application using Java 21.0.6 with PID 12272 (E:\idea_projects\chai-admin\chai-admin-service\chai-admin-launcher\target\classes started by 79304 in E:\idea_projects\chai-admin\chai-admin-service\chai-admin-launcher)
2025-07-04 20:57:52.122 DEBUG 12272 --- [main] org.shamee.launcher.Application          : Running with Spring Boot v3.4.2, Spring v6.2.2
2025-07-04 20:57:52.123  INFO 12272 --- [main] org.shamee.launcher.Application          : The following 1 profile is active: "dev"
2025-07-04 20:57:52.631  WARN 12272 --- [main] ConfigServletWebServerApplicationContext : Exception encountered during context initialization - cancelling refresh attempt: org.springframework.beans.factory.BeanDefinitionStoreException: Failed to parse configuration class [org.shamee.launcher.Application]
2025-07-04 20:57:52.950 ERROR 12272 --- [main] o.s.boot.SpringApplication               : Application run failed

org.springframework.beans.factory.BeanDefinitionStoreException: Failed to parse configuration class [org.shamee.launcher.Application]
	at org.springframework.context.annotation.ConfigurationClassParser.parse(ConfigurationClassParser.java:185) ~[spring-context-6.2.2.jar:6.2.2]
	at org.springframework.context.annotation.ConfigurationClassPostProcessor.processConfigBeanDefinitions(ConfigurationClassPostProcessor.java:418) ~[spring-context-6.2.2.jar:6.2.2]
	at org.springframework.context.annotation.ConfigurationClassPostProcessor.postProcessBeanDefinitionRegistry(ConfigurationClassPostProcessor.java:290) ~[spring-context-6.2.2.jar:6.2.2]
	at org.springframework.context.support.PostProcessorRegistrationDelegate.invokeBeanDefinitionRegistryPostProcessors(PostProcessorRegistrationDelegate.java:349) ~[spring-context-6.2.2.jar:6.2.2]
	at org.springframework.context.support.PostProcessorRegistrationDelegate.invokeBeanFactoryPostProcessors(PostProcessorRegistrationDelegate.java:118) ~[spring-context-6.2.2.jar:6.2.2]
	at org.springframework.context.support.AbstractApplicationContext.invokeBeanFactoryPostProcessors(AbstractApplicationContext.java:791) ~[spring-context-6.2.2.jar:6.2.2]
	at org.springframework.context.support.AbstractApplicationContext.refresh(AbstractApplicationContext.java:609) ~[spring-context-6.2.2.jar:6.2.2]
	at org.springframework.boot.web.servlet.context.ServletWebServerApplicationContext.refresh(ServletWebServerApplicationContext.java:146) ~[spring-boot-3.4.2.jar:3.4.2]
	at org.springframework.boot.SpringApplication.refresh(SpringApplication.java:752) ~[spring-boot-3.4.2.jar:3.4.2]
	at org.springframework.boot.SpringApplication.refreshContext(SpringApplication.java:439) ~[spring-boot-3.4.2.jar:3.4.2]
	at org.springframework.boot.SpringApplication.run(SpringApplication.java:318) ~[spring-boot-3.4.2.jar:3.4.2]
	at org.springframework.boot.SpringApplication.run(SpringApplication.java:1361) ~[spring-boot-3.4.2.jar:3.4.2]
	at org.springframework.boot.SpringApplication.run(SpringApplication.java:1350) ~[spring-boot-3.4.2.jar:3.4.2]
	at org.shamee.launcher.Application.main(Application.java:22) ~[classes/:na]
Caused by: org.springframework.context.annotation.ConflictingBeanDefinitionException: Annotation-specified bean name 'globalExceptionHandler' for bean class [org.shamee.common.exception.GlobalExceptionHandler] conflicts with existing, non-compatible bean definition of same name and class [org.shamee.system.exception.GlobalExceptionHandler]
	at org.springframework.context.annotation.ClassPathBeanDefinitionScanner.checkCandidate(ClassPathBeanDefinitionScanner.java:361) ~[spring-context-6.2.2.jar:6.2.2]
	at org.springframework.context.annotation.ClassPathBeanDefinitionScanner.doScan(ClassPathBeanDefinitionScanner.java:288) ~[spring-context-6.2.2.jar:6.2.2]
	at org.springframework.context.annotation.ComponentScanAnnotationParser.parse(ComponentScanAnnotationParser.java:128) ~[spring-context-6.2.2.jar:6.2.2]
	at org.springframework.context.annotation.ConfigurationClassParser.doProcessConfigurationClass(ConfigurationClassParser.java:332) ~[spring-context-6.2.2.jar:6.2.2]
	at org.springframework.context.annotation.ConfigurationClassParser.processConfigurationClass(ConfigurationClassParser.java:267) ~[spring-context-6.2.2.jar:6.2.2]
	at org.springframework.context.annotation.ConfigurationClassParser.parse(ConfigurationClassParser.java:193) ~[spring-context-6.2.2.jar:6.2.2]
	at org.springframework.context.annotation.ConfigurationClassParser.parse(ConfigurationClassParser.java:171) ~[spring-context-6.2.2.jar:6.2.2]
	... 13 common frames omitted

2025-07-04 20:59:00.409  INFO 24492 --- [main] org.shamee.launcher.Application          : Starting Application using Java 21.0.6 with PID 24492 (E:\idea_projects\chai-admin\chai-admin-service\chai-admin-launcher\target\classes started by 79304 in E:\idea_projects\chai-admin\chai-admin-service\chai-admin-launcher)
2025-07-04 20:59:00.426 DEBUG 24492 --- [main] org.shamee.launcher.Application          : Running with Spring Boot v3.4.2, Spring v6.2.2
2025-07-04 20:59:00.432  INFO 24492 --- [main] org.shamee.launcher.Application          : The following 1 profile is active: "dev"
2025-07-04 20:59:00.962  WARN 24492 --- [main] ConfigServletWebServerApplicationContext : Exception encountered during context initialization - cancelling refresh attempt: org.springframework.beans.factory.BeanDefinitionStoreException: Failed to parse configuration class [org.shamee.launcher.Application]
2025-07-04 20:59:01.490 ERROR 24492 --- [main] o.s.boot.SpringApplication               : Application run failed

org.springframework.beans.factory.BeanDefinitionStoreException: Failed to parse configuration class [org.shamee.launcher.Application]
	at org.springframework.context.annotation.ConfigurationClassParser.parse(ConfigurationClassParser.java:185) ~[spring-context-6.2.2.jar:6.2.2]
	at org.springframework.context.annotation.ConfigurationClassPostProcessor.processConfigBeanDefinitions(ConfigurationClassPostProcessor.java:418) ~[spring-context-6.2.2.jar:6.2.2]
	at org.springframework.context.annotation.ConfigurationClassPostProcessor.postProcessBeanDefinitionRegistry(ConfigurationClassPostProcessor.java:290) ~[spring-context-6.2.2.jar:6.2.2]
	at org.springframework.context.support.PostProcessorRegistrationDelegate.invokeBeanDefinitionRegistryPostProcessors(PostProcessorRegistrationDelegate.java:349) ~[spring-context-6.2.2.jar:6.2.2]
	at org.springframework.context.support.PostProcessorRegistrationDelegate.invokeBeanFactoryPostProcessors(PostProcessorRegistrationDelegate.java:118) ~[spring-context-6.2.2.jar:6.2.2]
	at org.springframework.context.support.AbstractApplicationContext.invokeBeanFactoryPostProcessors(AbstractApplicationContext.java:791) ~[spring-context-6.2.2.jar:6.2.2]
	at org.springframework.context.support.AbstractApplicationContext.refresh(AbstractApplicationContext.java:609) ~[spring-context-6.2.2.jar:6.2.2]
	at org.springframework.boot.web.servlet.context.ServletWebServerApplicationContext.refresh(ServletWebServerApplicationContext.java:146) ~[spring-boot-3.4.2.jar:3.4.2]
	at org.springframework.boot.SpringApplication.refresh(SpringApplication.java:752) ~[spring-boot-3.4.2.jar:3.4.2]
	at org.springframework.boot.SpringApplication.refreshContext(SpringApplication.java:439) ~[spring-boot-3.4.2.jar:3.4.2]
	at org.springframework.boot.SpringApplication.run(SpringApplication.java:318) ~[spring-boot-3.4.2.jar:3.4.2]
	at org.springframework.boot.SpringApplication.run(SpringApplication.java:1361) ~[spring-boot-3.4.2.jar:3.4.2]
	at org.springframework.boot.SpringApplication.run(SpringApplication.java:1350) ~[spring-boot-3.4.2.jar:3.4.2]
	at org.shamee.launcher.Application.main(Application.java:22) ~[classes/:na]
Caused by: org.springframework.context.annotation.ConflictingBeanDefinitionException: Annotation-specified bean name 'globalExceptionHandler' for bean class [org.shamee.common.exception.GlobalExceptionHandler] conflicts with existing, non-compatible bean definition of same name and class [org.shamee.system.exception.GlobalExceptionHandler]
	at org.springframework.context.annotation.ClassPathBeanDefinitionScanner.checkCandidate(ClassPathBeanDefinitionScanner.java:361) ~[spring-context-6.2.2.jar:6.2.2]
	at org.springframework.context.annotation.ClassPathBeanDefinitionScanner.doScan(ClassPathBeanDefinitionScanner.java:288) ~[spring-context-6.2.2.jar:6.2.2]
	at org.springframework.context.annotation.ComponentScanAnnotationParser.parse(ComponentScanAnnotationParser.java:128) ~[spring-context-6.2.2.jar:6.2.2]
	at org.springframework.context.annotation.ConfigurationClassParser.doProcessConfigurationClass(ConfigurationClassParser.java:332) ~[spring-context-6.2.2.jar:6.2.2]
	at org.springframework.context.annotation.ConfigurationClassParser.processConfigurationClass(ConfigurationClassParser.java:267) ~[spring-context-6.2.2.jar:6.2.2]
	at org.springframework.context.annotation.ConfigurationClassParser.parse(ConfigurationClassParser.java:193) ~[spring-context-6.2.2.jar:6.2.2]
	at org.springframework.context.annotation.ConfigurationClassParser.parse(ConfigurationClassParser.java:171) ~[spring-context-6.2.2.jar:6.2.2]
	... 13 common frames omitted

2025-07-04 21:00:42.989  INFO 19724 --- [main] org.shamee.launcher.Application          : Starting Application using Java 21.0.6 with PID 19724 (E:\idea_projects\chai-admin\chai-admin-service\chai-admin-launcher\target\classes started by 79304 in E:\idea_projects\chai-admin\chai-admin-service\chai-admin-launcher)
2025-07-04 21:00:42.996 DEBUG 19724 --- [main] org.shamee.launcher.Application          : Running with Spring Boot v3.4.2, Spring v6.2.2
2025-07-04 21:00:42.997  INFO 19724 --- [main] org.shamee.launcher.Application          : The following 1 profile is active: "dev"
2025-07-04 21:00:43.186  WARN 19724 --- [main] ConfigServletWebServerApplicationContext : Exception encountered during context initialization - cancelling refresh attempt: org.springframework.beans.factory.BeanDefinitionStoreException: Failed to parse configuration class [org.shamee.launcher.Application]
2025-07-04 21:00:43.351 ERROR 19724 --- [main] o.s.boot.SpringApplication               : Application run failed

org.springframework.beans.factory.BeanDefinitionStoreException: Failed to parse configuration class [org.shamee.launcher.Application]
	at org.springframework.context.annotation.ConfigurationClassParser.parse(ConfigurationClassParser.java:185) ~[spring-context-6.2.2.jar:6.2.2]
	at org.springframework.context.annotation.ConfigurationClassPostProcessor.processConfigBeanDefinitions(ConfigurationClassPostProcessor.java:418) ~[spring-context-6.2.2.jar:6.2.2]
	at org.springframework.context.annotation.ConfigurationClassPostProcessor.postProcessBeanDefinitionRegistry(ConfigurationClassPostProcessor.java:290) ~[spring-context-6.2.2.jar:6.2.2]
	at org.springframework.context.support.PostProcessorRegistrationDelegate.invokeBeanDefinitionRegistryPostProcessors(PostProcessorRegistrationDelegate.java:349) ~[spring-context-6.2.2.jar:6.2.2]
	at org.springframework.context.support.PostProcessorRegistrationDelegate.invokeBeanFactoryPostProcessors(PostProcessorRegistrationDelegate.java:118) ~[spring-context-6.2.2.jar:6.2.2]
	at org.springframework.context.support.AbstractApplicationContext.invokeBeanFactoryPostProcessors(AbstractApplicationContext.java:791) ~[spring-context-6.2.2.jar:6.2.2]
	at org.springframework.context.support.AbstractApplicationContext.refresh(AbstractApplicationContext.java:609) ~[spring-context-6.2.2.jar:6.2.2]
	at org.springframework.boot.web.servlet.context.ServletWebServerApplicationContext.refresh(ServletWebServerApplicationContext.java:146) ~[spring-boot-3.4.2.jar:3.4.2]
	at org.springframework.boot.SpringApplication.refresh(SpringApplication.java:752) ~[spring-boot-3.4.2.jar:3.4.2]
	at org.springframework.boot.SpringApplication.refreshContext(SpringApplication.java:439) ~[spring-boot-3.4.2.jar:3.4.2]
	at org.springframework.boot.SpringApplication.run(SpringApplication.java:318) ~[spring-boot-3.4.2.jar:3.4.2]
	at org.springframework.boot.SpringApplication.run(SpringApplication.java:1361) ~[spring-boot-3.4.2.jar:3.4.2]
	at org.springframework.boot.SpringApplication.run(SpringApplication.java:1350) ~[spring-boot-3.4.2.jar:3.4.2]
	at org.shamee.launcher.Application.main(Application.java:24) ~[classes/:na]
Caused by: org.springframework.context.annotation.ConflictingBeanDefinitionException: Annotation-specified bean name 'globalExceptionHandler' for bean class [org.shamee.common.exception.GlobalExceptionHandler] conflicts with existing, non-compatible bean definition of same name and class [org.shamee.system.exception.GlobalExceptionHandler]
	at org.springframework.context.annotation.ClassPathBeanDefinitionScanner.checkCandidate(ClassPathBeanDefinitionScanner.java:361) ~[spring-context-6.2.2.jar:6.2.2]
	at org.springframework.context.annotation.ClassPathBeanDefinitionScanner.doScan(ClassPathBeanDefinitionScanner.java:288) ~[spring-context-6.2.2.jar:6.2.2]
	at org.springframework.context.annotation.ComponentScanAnnotationParser.parse(ComponentScanAnnotationParser.java:128) ~[spring-context-6.2.2.jar:6.2.2]
	at org.springframework.context.annotation.ConfigurationClassParser.doProcessConfigurationClass(ConfigurationClassParser.java:332) ~[spring-context-6.2.2.jar:6.2.2]
	at org.springframework.context.annotation.ConfigurationClassParser.processConfigurationClass(ConfigurationClassParser.java:267) ~[spring-context-6.2.2.jar:6.2.2]
	at org.springframework.context.annotation.ConfigurationClassParser.parse(ConfigurationClassParser.java:193) ~[spring-context-6.2.2.jar:6.2.2]
	at org.springframework.context.annotation.ConfigurationClassParser.parse(ConfigurationClassParser.java:171) ~[spring-context-6.2.2.jar:6.2.2]
	... 13 common frames omitted

2025-07-04 21:02:26.395  INFO 6472 --- [main] org.shamee.launcher.Application          : Starting Application using Java 21.0.6 with PID 6472 (E:\idea_projects\chai-admin\chai-admin-service\chai-admin-launcher\target\classes started by 79304 in E:\idea_projects\chai-admin\chai-admin-service\chai-admin-launcher)
2025-07-04 21:02:26.398 DEBUG 6472 --- [main] org.shamee.launcher.Application          : Running with Spring Boot v3.4.2, Spring v6.2.2
2025-07-04 21:02:26.399  INFO 6472 --- [main] org.shamee.launcher.Application          : The following 1 profile is active: "dev"
2025-07-04 21:02:26.591  WARN 6472 --- [main] ConfigServletWebServerApplicationContext : Exception encountered during context initialization - cancelling refresh attempt: org.springframework.beans.factory.BeanDefinitionStoreException: Failed to parse configuration class [org.shamee.launcher.Application]
2025-07-04 21:02:26.765 ERROR 6472 --- [main] o.s.boot.SpringApplication               : Application run failed

org.springframework.beans.factory.BeanDefinitionStoreException: Failed to parse configuration class [org.shamee.launcher.Application]
	at org.springframework.context.annotation.ConfigurationClassParser.parse(ConfigurationClassParser.java:185) ~[spring-context-6.2.2.jar:6.2.2]
	at org.springframework.context.annotation.ConfigurationClassPostProcessor.processConfigBeanDefinitions(ConfigurationClassPostProcessor.java:418) ~[spring-context-6.2.2.jar:6.2.2]
	at org.springframework.context.annotation.ConfigurationClassPostProcessor.postProcessBeanDefinitionRegistry(ConfigurationClassPostProcessor.java:290) ~[spring-context-6.2.2.jar:6.2.2]
	at org.springframework.context.support.PostProcessorRegistrationDelegate.invokeBeanDefinitionRegistryPostProcessors(PostProcessorRegistrationDelegate.java:349) ~[spring-context-6.2.2.jar:6.2.2]
	at org.springframework.context.support.PostProcessorRegistrationDelegate.invokeBeanFactoryPostProcessors(PostProcessorRegistrationDelegate.java:118) ~[spring-context-6.2.2.jar:6.2.2]
	at org.springframework.context.support.AbstractApplicationContext.invokeBeanFactoryPostProcessors(AbstractApplicationContext.java:791) ~[spring-context-6.2.2.jar:6.2.2]
	at org.springframework.context.support.AbstractApplicationContext.refresh(AbstractApplicationContext.java:609) ~[spring-context-6.2.2.jar:6.2.2]
	at org.springframework.boot.web.servlet.context.ServletWebServerApplicationContext.refresh(ServletWebServerApplicationContext.java:146) ~[spring-boot-3.4.2.jar:3.4.2]
	at org.springframework.boot.SpringApplication.refresh(SpringApplication.java:752) ~[spring-boot-3.4.2.jar:3.4.2]
	at org.springframework.boot.SpringApplication.refreshContext(SpringApplication.java:439) ~[spring-boot-3.4.2.jar:3.4.2]
	at org.springframework.boot.SpringApplication.run(SpringApplication.java:318) ~[spring-boot-3.4.2.jar:3.4.2]
	at org.springframework.boot.SpringApplication.run(SpringApplication.java:1361) ~[spring-boot-3.4.2.jar:3.4.2]
	at org.springframework.boot.SpringApplication.run(SpringApplication.java:1350) ~[spring-boot-3.4.2.jar:3.4.2]
	at org.shamee.launcher.Application.main(Application.java:24) ~[classes/:na]
Caused by: org.springframework.context.annotation.ConflictingBeanDefinitionException: Annotation-specified bean name 'globalExceptionHandler' for bean class [org.shamee.common.exception.GlobalExceptionHandler] conflicts with existing, non-compatible bean definition of same name and class [org.shamee.system.exception.GlobalExceptionHandler]
	at org.springframework.context.annotation.ClassPathBeanDefinitionScanner.checkCandidate(ClassPathBeanDefinitionScanner.java:361) ~[spring-context-6.2.2.jar:6.2.2]
	at org.springframework.context.annotation.ClassPathBeanDefinitionScanner.doScan(ClassPathBeanDefinitionScanner.java:288) ~[spring-context-6.2.2.jar:6.2.2]
	at org.springframework.context.annotation.ComponentScanAnnotationParser.parse(ComponentScanAnnotationParser.java:128) ~[spring-context-6.2.2.jar:6.2.2]
	at org.springframework.context.annotation.ConfigurationClassParser.doProcessConfigurationClass(ConfigurationClassParser.java:332) ~[spring-context-6.2.2.jar:6.2.2]
	at org.springframework.context.annotation.ConfigurationClassParser.processConfigurationClass(ConfigurationClassParser.java:267) ~[spring-context-6.2.2.jar:6.2.2]
	at org.springframework.context.annotation.ConfigurationClassParser.parse(ConfigurationClassParser.java:193) ~[spring-context-6.2.2.jar:6.2.2]
	at org.springframework.context.annotation.ConfigurationClassParser.parse(ConfigurationClassParser.java:171) ~[spring-context-6.2.2.jar:6.2.2]
	... 13 common frames omitted

2025-07-04 21:03:44.247  INFO 29840 --- [main] org.shamee.launcher.Application          : Starting Application using Java 21.0.6 with PID 29840 (E:\idea_projects\chai-admin\chai-admin-service\chai-admin-launcher\target\classes started by 79304 in E:\idea_projects\chai-admin\chai-admin-service\chai-admin-launcher)
2025-07-04 21:03:44.254 DEBUG 29840 --- [main] org.shamee.launcher.Application          : Running with Spring Boot v3.4.2, Spring v6.2.2
2025-07-04 21:03:44.255  INFO 29840 --- [main] org.shamee.launcher.Application          : The following 1 profile is active: "dev"
2025-07-04 21:03:44.539  WARN 29840 --- [main] ConfigServletWebServerApplicationContext : Exception encountered during context initialization - cancelling refresh attempt: org.springframework.beans.factory.BeanDefinitionStoreException: Failed to parse configuration class [org.shamee.launcher.Application]
2025-07-04 21:03:44.677 ERROR 29840 --- [main] o.s.boot.SpringApplication               : Application run failed

org.springframework.beans.factory.BeanDefinitionStoreException: Failed to parse configuration class [org.shamee.launcher.Application]
	at org.springframework.context.annotation.ConfigurationClassParser.parse(ConfigurationClassParser.java:185) ~[spring-context-6.2.2.jar:6.2.2]
	at org.springframework.context.annotation.ConfigurationClassPostProcessor.processConfigBeanDefinitions(ConfigurationClassPostProcessor.java:418) ~[spring-context-6.2.2.jar:6.2.2]
	at org.springframework.context.annotation.ConfigurationClassPostProcessor.postProcessBeanDefinitionRegistry(ConfigurationClassPostProcessor.java:290) ~[spring-context-6.2.2.jar:6.2.2]
	at org.springframework.context.support.PostProcessorRegistrationDelegate.invokeBeanDefinitionRegistryPostProcessors(PostProcessorRegistrationDelegate.java:349) ~[spring-context-6.2.2.jar:6.2.2]
	at org.springframework.context.support.PostProcessorRegistrationDelegate.invokeBeanFactoryPostProcessors(PostProcessorRegistrationDelegate.java:118) ~[spring-context-6.2.2.jar:6.2.2]
	at org.springframework.context.support.AbstractApplicationContext.invokeBeanFactoryPostProcessors(AbstractApplicationContext.java:791) ~[spring-context-6.2.2.jar:6.2.2]
	at org.springframework.context.support.AbstractApplicationContext.refresh(AbstractApplicationContext.java:609) ~[spring-context-6.2.2.jar:6.2.2]
	at org.springframework.boot.web.servlet.context.ServletWebServerApplicationContext.refresh(ServletWebServerApplicationContext.java:146) ~[spring-boot-3.4.2.jar:3.4.2]
	at org.springframework.boot.SpringApplication.refresh(SpringApplication.java:752) ~[spring-boot-3.4.2.jar:3.4.2]
	at org.springframework.boot.SpringApplication.refreshContext(SpringApplication.java:439) ~[spring-boot-3.4.2.jar:3.4.2]
	at org.springframework.boot.SpringApplication.run(SpringApplication.java:318) ~[spring-boot-3.4.2.jar:3.4.2]
	at org.springframework.boot.SpringApplication.run(SpringApplication.java:1361) ~[spring-boot-3.4.2.jar:3.4.2]
	at org.springframework.boot.SpringApplication.run(SpringApplication.java:1350) ~[spring-boot-3.4.2.jar:3.4.2]
	at org.shamee.launcher.Application.main(Application.java:24) ~[classes/:na]
Caused by: org.springframework.context.annotation.ConflictingBeanDefinitionException: Annotation-specified bean name 'globalExceptionHandler' for bean class [org.shamee.common.exception.GlobalExceptionHandler] conflicts with existing, non-compatible bean definition of same name and class [org.shamee.system.exception.GlobalExceptionHandler]
	at org.springframework.context.annotation.ClassPathBeanDefinitionScanner.checkCandidate(ClassPathBeanDefinitionScanner.java:361) ~[spring-context-6.2.2.jar:6.2.2]
	at org.springframework.context.annotation.ClassPathBeanDefinitionScanner.doScan(ClassPathBeanDefinitionScanner.java:288) ~[spring-context-6.2.2.jar:6.2.2]
	at org.springframework.context.annotation.ComponentScanAnnotationParser.parse(ComponentScanAnnotationParser.java:128) ~[spring-context-6.2.2.jar:6.2.2]
	at org.springframework.context.annotation.ConfigurationClassParser.doProcessConfigurationClass(ConfigurationClassParser.java:332) ~[spring-context-6.2.2.jar:6.2.2]
	at org.springframework.context.annotation.ConfigurationClassParser.processConfigurationClass(ConfigurationClassParser.java:267) ~[spring-context-6.2.2.jar:6.2.2]
	at org.springframework.context.annotation.ConfigurationClassParser.parse(ConfigurationClassParser.java:193) ~[spring-context-6.2.2.jar:6.2.2]
	at org.springframework.context.annotation.ConfigurationClassParser.parse(ConfigurationClassParser.java:171) ~[spring-context-6.2.2.jar:6.2.2]
	... 13 common frames omitted

2025-07-04 21:09:29.869  INFO 28336 --- [main] org.shamee.launcher.Application          : Starting Application using Java 21.0.6 with PID 28336 (E:\idea_projects\chai-admin\chai-admin-service\chai-admin-launcher\target\classes started by 79304 in E:\idea_projects\chai-admin\chai-admin-service\chai-admin-launcher)
2025-07-04 21:09:29.877 DEBUG 28336 --- [main] org.shamee.launcher.Application          : Running with Spring Boot v3.4.2, Spring v6.2.2
2025-07-04 21:09:29.878  INFO 28336 --- [main] org.shamee.launcher.Application          : The following 1 profile is active: "dev"
2025-07-04 21:09:30.027  WARN 28336 --- [main] ConfigServletWebServerApplicationContext : Exception encountered during context initialization - cancelling refresh attempt: org.springframework.beans.factory.BeanDefinitionStoreException: Failed to parse configuration class [org.shamee.launcher.Application]
2025-07-04 21:09:30.193 ERROR 28336 --- [main] o.s.boot.SpringApplication               : Application run failed

org.springframework.beans.factory.BeanDefinitionStoreException: Failed to parse configuration class [org.shamee.launcher.Application]
	at org.springframework.context.annotation.ConfigurationClassParser.parse(ConfigurationClassParser.java:185) ~[spring-context-6.2.2.jar:6.2.2]
	at org.springframework.context.annotation.ConfigurationClassPostProcessor.processConfigBeanDefinitions(ConfigurationClassPostProcessor.java:418) ~[spring-context-6.2.2.jar:6.2.2]
	at org.springframework.context.annotation.ConfigurationClassPostProcessor.postProcessBeanDefinitionRegistry(ConfigurationClassPostProcessor.java:290) ~[spring-context-6.2.2.jar:6.2.2]
	at org.springframework.context.support.PostProcessorRegistrationDelegate.invokeBeanDefinitionRegistryPostProcessors(PostProcessorRegistrationDelegate.java:349) ~[spring-context-6.2.2.jar:6.2.2]
	at org.springframework.context.support.PostProcessorRegistrationDelegate.invokeBeanFactoryPostProcessors(PostProcessorRegistrationDelegate.java:118) ~[spring-context-6.2.2.jar:6.2.2]
	at org.springframework.context.support.AbstractApplicationContext.invokeBeanFactoryPostProcessors(AbstractApplicationContext.java:791) ~[spring-context-6.2.2.jar:6.2.2]
	at org.springframework.context.support.AbstractApplicationContext.refresh(AbstractApplicationContext.java:609) ~[spring-context-6.2.2.jar:6.2.2]
	at org.springframework.boot.web.servlet.context.ServletWebServerApplicationContext.refresh(ServletWebServerApplicationContext.java:146) ~[spring-boot-3.4.2.jar:3.4.2]
	at org.springframework.boot.SpringApplication.refresh(SpringApplication.java:752) ~[spring-boot-3.4.2.jar:3.4.2]
	at org.springframework.boot.SpringApplication.refreshContext(SpringApplication.java:439) ~[spring-boot-3.4.2.jar:3.4.2]
	at org.springframework.boot.SpringApplication.run(SpringApplication.java:318) ~[spring-boot-3.4.2.jar:3.4.2]
	at org.springframework.boot.SpringApplication.run(SpringApplication.java:1361) ~[spring-boot-3.4.2.jar:3.4.2]
	at org.springframework.boot.SpringApplication.run(SpringApplication.java:1350) ~[spring-boot-3.4.2.jar:3.4.2]
	at org.shamee.launcher.Application.main(Application.java:24) ~[classes/:na]
Caused by: org.springframework.context.annotation.ConflictingBeanDefinitionException: Annotation-specified bean name 'globalExceptionHandler' for bean class [org.shamee.common.exception.GlobalExceptionHandler] conflicts with existing, non-compatible bean definition of same name and class [org.shamee.system.exception.GlobalExceptionHandler]
	at org.springframework.context.annotation.ClassPathBeanDefinitionScanner.checkCandidate(ClassPathBeanDefinitionScanner.java:361) ~[spring-context-6.2.2.jar:6.2.2]
	at org.springframework.context.annotation.ClassPathBeanDefinitionScanner.doScan(ClassPathBeanDefinitionScanner.java:288) ~[spring-context-6.2.2.jar:6.2.2]
	at org.springframework.context.annotation.ComponentScanAnnotationParser.parse(ComponentScanAnnotationParser.java:128) ~[spring-context-6.2.2.jar:6.2.2]
	at org.springframework.context.annotation.ConfigurationClassParser.doProcessConfigurationClass(ConfigurationClassParser.java:332) ~[spring-context-6.2.2.jar:6.2.2]
	at org.springframework.context.annotation.ConfigurationClassParser.processConfigurationClass(ConfigurationClassParser.java:267) ~[spring-context-6.2.2.jar:6.2.2]
	at org.springframework.context.annotation.ConfigurationClassParser.parse(ConfigurationClassParser.java:193) ~[spring-context-6.2.2.jar:6.2.2]
	at org.springframework.context.annotation.ConfigurationClassParser.parse(ConfigurationClassParser.java:171) ~[spring-context-6.2.2.jar:6.2.2]
	... 13 common frames omitted

2025-07-04 21:34:56.649  INFO 30384 --- [main] org.shamee.launcher.Application          : Starting Application using Java 21.0.6 with PID 30384 (E:\idea_projects\chai-admin\chai-admin-service\chai-admin-launcher\target\classes started by 79304 in E:\idea_projects\chai-admin\chai-admin-service\chai-admin-launcher)
2025-07-04 21:34:56.660 DEBUG 30384 --- [main] org.shamee.launcher.Application          : Running with Spring Boot v3.4.2, Spring v6.2.2
2025-07-04 21:34:56.661  INFO 30384 --- [main] org.shamee.launcher.Application          : The following 1 profile is active: "dev"
2025-07-04 21:34:56.792  WARN 30384 --- [main] ConfigServletWebServerApplicationContext : Exception encountered during context initialization - cancelling refresh attempt: org.springframework.beans.factory.BeanDefinitionStoreException: Failed to parse configuration class [org.shamee.launcher.Application]
2025-07-04 21:34:56.920 ERROR 30384 --- [main] o.s.boot.SpringApplication               : Application run failed

org.springframework.beans.factory.BeanDefinitionStoreException: Failed to parse configuration class [org.shamee.launcher.Application]
	at org.springframework.context.annotation.ConfigurationClassParser.parse(ConfigurationClassParser.java:185) ~[spring-context-6.2.2.jar:6.2.2]
	at org.springframework.context.annotation.ConfigurationClassPostProcessor.processConfigBeanDefinitions(ConfigurationClassPostProcessor.java:418) ~[spring-context-6.2.2.jar:6.2.2]
	at org.springframework.context.annotation.ConfigurationClassPostProcessor.postProcessBeanDefinitionRegistry(ConfigurationClassPostProcessor.java:290) ~[spring-context-6.2.2.jar:6.2.2]
	at org.springframework.context.support.PostProcessorRegistrationDelegate.invokeBeanDefinitionRegistryPostProcessors(PostProcessorRegistrationDelegate.java:349) ~[spring-context-6.2.2.jar:6.2.2]
	at org.springframework.context.support.PostProcessorRegistrationDelegate.invokeBeanFactoryPostProcessors(PostProcessorRegistrationDelegate.java:118) ~[spring-context-6.2.2.jar:6.2.2]
	at org.springframework.context.support.AbstractApplicationContext.invokeBeanFactoryPostProcessors(AbstractApplicationContext.java:791) ~[spring-context-6.2.2.jar:6.2.2]
	at org.springframework.context.support.AbstractApplicationContext.refresh(AbstractApplicationContext.java:609) ~[spring-context-6.2.2.jar:6.2.2]
	at org.springframework.boot.web.servlet.context.ServletWebServerApplicationContext.refresh(ServletWebServerApplicationContext.java:146) ~[spring-boot-3.4.2.jar:3.4.2]
	at org.springframework.boot.SpringApplication.refresh(SpringApplication.java:752) ~[spring-boot-3.4.2.jar:3.4.2]
	at org.springframework.boot.SpringApplication.refreshContext(SpringApplication.java:439) ~[spring-boot-3.4.2.jar:3.4.2]
	at org.springframework.boot.SpringApplication.run(SpringApplication.java:318) ~[spring-boot-3.4.2.jar:3.4.2]
	at org.springframework.boot.SpringApplication.run(SpringApplication.java:1361) ~[spring-boot-3.4.2.jar:3.4.2]
	at org.springframework.boot.SpringApplication.run(SpringApplication.java:1350) ~[spring-boot-3.4.2.jar:3.4.2]
	at org.shamee.launcher.Application.main(Application.java:24) ~[classes/:na]
Caused by: org.springframework.context.annotation.ConflictingBeanDefinitionException: Annotation-specified bean name 'globalExceptionHandler' for bean class [org.shamee.common.exception.GlobalExceptionHandler] conflicts with existing, non-compatible bean definition of same name and class [org.shamee.system.exception.GlobalExceptionHandler]
	at org.springframework.context.annotation.ClassPathBeanDefinitionScanner.checkCandidate(ClassPathBeanDefinitionScanner.java:361) ~[spring-context-6.2.2.jar:6.2.2]
	at org.springframework.context.annotation.ClassPathBeanDefinitionScanner.doScan(ClassPathBeanDefinitionScanner.java:288) ~[spring-context-6.2.2.jar:6.2.2]
	at org.springframework.context.annotation.ComponentScanAnnotationParser.parse(ComponentScanAnnotationParser.java:128) ~[spring-context-6.2.2.jar:6.2.2]
	at org.springframework.context.annotation.ConfigurationClassParser.doProcessConfigurationClass(ConfigurationClassParser.java:332) ~[spring-context-6.2.2.jar:6.2.2]
	at org.springframework.context.annotation.ConfigurationClassParser.processConfigurationClass(ConfigurationClassParser.java:267) ~[spring-context-6.2.2.jar:6.2.2]
	at org.springframework.context.annotation.ConfigurationClassParser.parse(ConfigurationClassParser.java:193) ~[spring-context-6.2.2.jar:6.2.2]
	at org.springframework.context.annotation.ConfigurationClassParser.parse(ConfigurationClassParser.java:171) ~[spring-context-6.2.2.jar:6.2.2]
	... 13 common frames omitted

2025-07-04 21:35:27.373  INFO 25576 --- [main] org.shamee.launcher.Application          : Starting Application using Java 21.0.6 with PID 25576 (E:\idea_projects\chai-admin\chai-admin-service\chai-admin-launcher\target\classes started by 79304 in E:\idea_projects\chai-admin\chai-admin-service\chai-admin-launcher)
2025-07-04 21:35:27.379 DEBUG 25576 --- [main] org.shamee.launcher.Application          : Running with Spring Boot v3.4.2, Spring v6.2.2
2025-07-04 21:35:27.379  INFO 25576 --- [main] org.shamee.launcher.Application          : The following 1 profile is active: "dev"
2025-07-04 21:35:27.512  WARN 25576 --- [main] ConfigServletWebServerApplicationContext : Exception encountered during context initialization - cancelling refresh attempt: org.springframework.beans.factory.BeanDefinitionStoreException: Failed to parse configuration class [org.shamee.launcher.Application]
2025-07-04 21:35:27.625 ERROR 25576 --- [main] o.s.boot.SpringApplication               : Application run failed

org.springframework.beans.factory.BeanDefinitionStoreException: Failed to parse configuration class [org.shamee.launcher.Application]
	at org.springframework.context.annotation.ConfigurationClassParser.parse(ConfigurationClassParser.java:185) ~[spring-context-6.2.2.jar:6.2.2]
	at org.springframework.context.annotation.ConfigurationClassPostProcessor.processConfigBeanDefinitions(ConfigurationClassPostProcessor.java:418) ~[spring-context-6.2.2.jar:6.2.2]
	at org.springframework.context.annotation.ConfigurationClassPostProcessor.postProcessBeanDefinitionRegistry(ConfigurationClassPostProcessor.java:290) ~[spring-context-6.2.2.jar:6.2.2]
	at org.springframework.context.support.PostProcessorRegistrationDelegate.invokeBeanDefinitionRegistryPostProcessors(PostProcessorRegistrationDelegate.java:349) ~[spring-context-6.2.2.jar:6.2.2]
	at org.springframework.context.support.PostProcessorRegistrationDelegate.invokeBeanFactoryPostProcessors(PostProcessorRegistrationDelegate.java:118) ~[spring-context-6.2.2.jar:6.2.2]
	at org.springframework.context.support.AbstractApplicationContext.invokeBeanFactoryPostProcessors(AbstractApplicationContext.java:791) ~[spring-context-6.2.2.jar:6.2.2]
	at org.springframework.context.support.AbstractApplicationContext.refresh(AbstractApplicationContext.java:609) ~[spring-context-6.2.2.jar:6.2.2]
	at org.springframework.boot.web.servlet.context.ServletWebServerApplicationContext.refresh(ServletWebServerApplicationContext.java:146) ~[spring-boot-3.4.2.jar:3.4.2]
	at org.springframework.boot.SpringApplication.refresh(SpringApplication.java:752) ~[spring-boot-3.4.2.jar:3.4.2]
	at org.springframework.boot.SpringApplication.refreshContext(SpringApplication.java:439) ~[spring-boot-3.4.2.jar:3.4.2]
	at org.springframework.boot.SpringApplication.run(SpringApplication.java:318) ~[spring-boot-3.4.2.jar:3.4.2]
	at org.springframework.boot.SpringApplication.run(SpringApplication.java:1361) ~[spring-boot-3.4.2.jar:3.4.2]
	at org.springframework.boot.SpringApplication.run(SpringApplication.java:1350) ~[spring-boot-3.4.2.jar:3.4.2]
	at org.shamee.launcher.Application.main(Application.java:24) ~[classes/:na]
Caused by: org.springframework.context.annotation.ConflictingBeanDefinitionException: Annotation-specified bean name 'globalExceptionHandler' for bean class [org.shamee.common.exception.GlobalExceptionHandler] conflicts with existing, non-compatible bean definition of same name and class [org.shamee.system.exception.GlobalExceptionHandler]
	at org.springframework.context.annotation.ClassPathBeanDefinitionScanner.checkCandidate(ClassPathBeanDefinitionScanner.java:361) ~[spring-context-6.2.2.jar:6.2.2]
	at org.springframework.context.annotation.ClassPathBeanDefinitionScanner.doScan(ClassPathBeanDefinitionScanner.java:288) ~[spring-context-6.2.2.jar:6.2.2]
	at org.springframework.context.annotation.ComponentScanAnnotationParser.parse(ComponentScanAnnotationParser.java:128) ~[spring-context-6.2.2.jar:6.2.2]
	at org.springframework.context.annotation.ConfigurationClassParser.doProcessConfigurationClass(ConfigurationClassParser.java:332) ~[spring-context-6.2.2.jar:6.2.2]
	at org.springframework.context.annotation.ConfigurationClassParser.processConfigurationClass(ConfigurationClassParser.java:267) ~[spring-context-6.2.2.jar:6.2.2]
	at org.springframework.context.annotation.ConfigurationClassParser.parse(ConfigurationClassParser.java:193) ~[spring-context-6.2.2.jar:6.2.2]
	at org.springframework.context.annotation.ConfigurationClassParser.parse(ConfigurationClassParser.java:171) ~[spring-context-6.2.2.jar:6.2.2]
	... 13 common frames omitted

2025-07-04 21:35:40.308  INFO 7620 --- [main] org.shamee.launcher.Application          : Starting Application using Java 21.0.6 with PID 7620 (E:\idea_projects\chai-admin\chai-admin-service\chai-admin-launcher\target\classes started by 79304 in E:\idea_projects\chai-admin\chai-admin-service\chai-admin-launcher)
2025-07-04 21:35:40.313 DEBUG 7620 --- [main] org.shamee.launcher.Application          : Running with Spring Boot v3.4.2, Spring v6.2.2
2025-07-04 21:35:40.314  INFO 7620 --- [main] org.shamee.launcher.Application          : The following 1 profile is active: "dev"
2025-07-04 21:35:40.435  WARN 7620 --- [main] ConfigServletWebServerApplicationContext : Exception encountered during context initialization - cancelling refresh attempt: org.springframework.beans.factory.BeanDefinitionStoreException: Failed to parse configuration class [org.shamee.launcher.Application]
2025-07-04 21:35:40.554 ERROR 7620 --- [main] o.s.boot.SpringApplication               : Application run failed

org.springframework.beans.factory.BeanDefinitionStoreException: Failed to parse configuration class [org.shamee.launcher.Application]
	at org.springframework.context.annotation.ConfigurationClassParser.parse(ConfigurationClassParser.java:185) ~[spring-context-6.2.2.jar:6.2.2]
	at org.springframework.context.annotation.ConfigurationClassPostProcessor.processConfigBeanDefinitions(ConfigurationClassPostProcessor.java:418) ~[spring-context-6.2.2.jar:6.2.2]
	at org.springframework.context.annotation.ConfigurationClassPostProcessor.postProcessBeanDefinitionRegistry(ConfigurationClassPostProcessor.java:290) ~[spring-context-6.2.2.jar:6.2.2]
	at org.springframework.context.support.PostProcessorRegistrationDelegate.invokeBeanDefinitionRegistryPostProcessors(PostProcessorRegistrationDelegate.java:349) ~[spring-context-6.2.2.jar:6.2.2]
	at org.springframework.context.support.PostProcessorRegistrationDelegate.invokeBeanFactoryPostProcessors(PostProcessorRegistrationDelegate.java:118) ~[spring-context-6.2.2.jar:6.2.2]
	at org.springframework.context.support.AbstractApplicationContext.invokeBeanFactoryPostProcessors(AbstractApplicationContext.java:791) ~[spring-context-6.2.2.jar:6.2.2]
	at org.springframework.context.support.AbstractApplicationContext.refresh(AbstractApplicationContext.java:609) ~[spring-context-6.2.2.jar:6.2.2]
	at org.springframework.boot.web.servlet.context.ServletWebServerApplicationContext.refresh(ServletWebServerApplicationContext.java:146) ~[spring-boot-3.4.2.jar:3.4.2]
	at org.springframework.boot.SpringApplication.refresh(SpringApplication.java:752) ~[spring-boot-3.4.2.jar:3.4.2]
	at org.springframework.boot.SpringApplication.refreshContext(SpringApplication.java:439) ~[spring-boot-3.4.2.jar:3.4.2]
	at org.springframework.boot.SpringApplication.run(SpringApplication.java:318) ~[spring-boot-3.4.2.jar:3.4.2]
	at org.springframework.boot.SpringApplication.run(SpringApplication.java:1361) ~[spring-boot-3.4.2.jar:3.4.2]
	at org.springframework.boot.SpringApplication.run(SpringApplication.java:1350) ~[spring-boot-3.4.2.jar:3.4.2]
	at org.shamee.launcher.Application.main(Application.java:24) ~[classes/:na]
Caused by: org.springframework.context.annotation.ConflictingBeanDefinitionException: Annotation-specified bean name 'globalExceptionHandler' for bean class [org.shamee.common.exception.GlobalExceptionHandler] conflicts with existing, non-compatible bean definition of same name and class [org.shamee.system.exception.GlobalExceptionHandler]
	at org.springframework.context.annotation.ClassPathBeanDefinitionScanner.checkCandidate(ClassPathBeanDefinitionScanner.java:361) ~[spring-context-6.2.2.jar:6.2.2]
	at org.springframework.context.annotation.ClassPathBeanDefinitionScanner.doScan(ClassPathBeanDefinitionScanner.java:288) ~[spring-context-6.2.2.jar:6.2.2]
	at org.springframework.context.annotation.ComponentScanAnnotationParser.parse(ComponentScanAnnotationParser.java:128) ~[spring-context-6.2.2.jar:6.2.2]
	at org.springframework.context.annotation.ConfigurationClassParser.doProcessConfigurationClass(ConfigurationClassParser.java:332) ~[spring-context-6.2.2.jar:6.2.2]
	at org.springframework.context.annotation.ConfigurationClassParser.processConfigurationClass(ConfigurationClassParser.java:267) ~[spring-context-6.2.2.jar:6.2.2]
	at org.springframework.context.annotation.ConfigurationClassParser.parse(ConfigurationClassParser.java:193) ~[spring-context-6.2.2.jar:6.2.2]
	at org.springframework.context.annotation.ConfigurationClassParser.parse(ConfigurationClassParser.java:171) ~[spring-context-6.2.2.jar:6.2.2]
	... 13 common frames omitted

2025-07-04 21:37:47.428  INFO 27772 --- [main] org.shamee.launcher.Application          : Starting Application using Java 21.0.6 with PID 27772 (E:\idea_projects\chai-admin\chai-admin-service\chai-admin-launcher\target\classes started by 79304 in E:\idea_projects\chai-admin\chai-admin-service\chai-admin-launcher)
2025-07-04 21:37:47.435 DEBUG 27772 --- [main] org.shamee.launcher.Application          : Running with Spring Boot v3.4.2, Spring v6.2.2
2025-07-04 21:37:47.436  INFO 27772 --- [main] org.shamee.launcher.Application          : The following 1 profile is active: "dev"
2025-07-04 21:37:47.591  WARN 27772 --- [main] ConfigServletWebServerApplicationContext : Exception encountered during context initialization - cancelling refresh attempt: org.springframework.beans.factory.BeanDefinitionStoreException: Failed to parse configuration class [org.shamee.launcher.Application]
2025-07-04 21:37:47.712 ERROR 27772 --- [main] o.s.boot.SpringApplication               : Application run failed

org.springframework.beans.factory.BeanDefinitionStoreException: Failed to parse configuration class [org.shamee.launcher.Application]
	at org.springframework.context.annotation.ConfigurationClassParser.parse(ConfigurationClassParser.java:185) ~[spring-context-6.2.2.jar:6.2.2]
	at org.springframework.context.annotation.ConfigurationClassPostProcessor.processConfigBeanDefinitions(ConfigurationClassPostProcessor.java:418) ~[spring-context-6.2.2.jar:6.2.2]
	at org.springframework.context.annotation.ConfigurationClassPostProcessor.postProcessBeanDefinitionRegistry(ConfigurationClassPostProcessor.java:290) ~[spring-context-6.2.2.jar:6.2.2]
	at org.springframework.context.support.PostProcessorRegistrationDelegate.invokeBeanDefinitionRegistryPostProcessors(PostProcessorRegistrationDelegate.java:349) ~[spring-context-6.2.2.jar:6.2.2]
	at org.springframework.context.support.PostProcessorRegistrationDelegate.invokeBeanFactoryPostProcessors(PostProcessorRegistrationDelegate.java:118) ~[spring-context-6.2.2.jar:6.2.2]
	at org.springframework.context.support.AbstractApplicationContext.invokeBeanFactoryPostProcessors(AbstractApplicationContext.java:791) ~[spring-context-6.2.2.jar:6.2.2]
	at org.springframework.context.support.AbstractApplicationContext.refresh(AbstractApplicationContext.java:609) ~[spring-context-6.2.2.jar:6.2.2]
	at org.springframework.boot.web.servlet.context.ServletWebServerApplicationContext.refresh(ServletWebServerApplicationContext.java:146) ~[spring-boot-3.4.2.jar:3.4.2]
	at org.springframework.boot.SpringApplication.refresh(SpringApplication.java:752) ~[spring-boot-3.4.2.jar:3.4.2]
	at org.springframework.boot.SpringApplication.refreshContext(SpringApplication.java:439) ~[spring-boot-3.4.2.jar:3.4.2]
	at org.springframework.boot.SpringApplication.run(SpringApplication.java:318) ~[spring-boot-3.4.2.jar:3.4.2]
	at org.springframework.boot.SpringApplication.run(SpringApplication.java:1361) ~[spring-boot-3.4.2.jar:3.4.2]
	at org.springframework.boot.SpringApplication.run(SpringApplication.java:1350) ~[spring-boot-3.4.2.jar:3.4.2]
	at org.shamee.launcher.Application.main(Application.java:24) ~[classes/:na]
Caused by: org.springframework.context.annotation.ConflictingBeanDefinitionException: Annotation-specified bean name 'globalExceptionHandler' for bean class [org.shamee.common.exception.GlobalExceptionHandler] conflicts with existing, non-compatible bean definition of same name and class [org.shamee.system.exception.GlobalExceptionHandler]
	at org.springframework.context.annotation.ClassPathBeanDefinitionScanner.checkCandidate(ClassPathBeanDefinitionScanner.java:361) ~[spring-context-6.2.2.jar:6.2.2]
	at org.springframework.context.annotation.ClassPathBeanDefinitionScanner.doScan(ClassPathBeanDefinitionScanner.java:288) ~[spring-context-6.2.2.jar:6.2.2]
	at org.springframework.context.annotation.ComponentScanAnnotationParser.parse(ComponentScanAnnotationParser.java:128) ~[spring-context-6.2.2.jar:6.2.2]
	at org.springframework.context.annotation.ConfigurationClassParser.doProcessConfigurationClass(ConfigurationClassParser.java:332) ~[spring-context-6.2.2.jar:6.2.2]
	at org.springframework.context.annotation.ConfigurationClassParser.processConfigurationClass(ConfigurationClassParser.java:267) ~[spring-context-6.2.2.jar:6.2.2]
	at org.springframework.context.annotation.ConfigurationClassParser.parse(ConfigurationClassParser.java:193) ~[spring-context-6.2.2.jar:6.2.2]
	at org.springframework.context.annotation.ConfigurationClassParser.parse(ConfigurationClassParser.java:171) ~[spring-context-6.2.2.jar:6.2.2]
	... 13 common frames omitted

2025-07-04 22:25:31.689  INFO 15312 --- [main] org.shamee.launcher.Application          : Starting Application using Java 21.0.6 with PID 15312 (E:\idea_projects\chai-admin\chai-admin-service\chai-admin-launcher\target\classes started by 79304 in E:\idea_projects\chai-admin\chai-admin-service\chai-admin-launcher)
2025-07-04 22:25:31.695 DEBUG 15312 --- [main] org.shamee.launcher.Application          : Running with Spring Boot v3.4.2, Spring v6.2.2
2025-07-04 22:25:31.695  INFO 15312 --- [main] org.shamee.launcher.Application          : The following 1 profile is active: "dev"
2025-07-04 22:25:31.826  WARN 15312 --- [main] ConfigServletWebServerApplicationContext : Exception encountered during context initialization - cancelling refresh attempt: org.springframework.beans.factory.BeanDefinitionStoreException: Failed to parse configuration class [org.shamee.launcher.Application]
2025-07-04 22:25:31.948 ERROR 15312 --- [main] o.s.boot.SpringApplication               : Application run failed

org.springframework.beans.factory.BeanDefinitionStoreException: Failed to parse configuration class [org.shamee.launcher.Application]
	at org.springframework.context.annotation.ConfigurationClassParser.parse(ConfigurationClassParser.java:185) ~[spring-context-6.2.2.jar:6.2.2]
	at org.springframework.context.annotation.ConfigurationClassPostProcessor.processConfigBeanDefinitions(ConfigurationClassPostProcessor.java:418) ~[spring-context-6.2.2.jar:6.2.2]
	at org.springframework.context.annotation.ConfigurationClassPostProcessor.postProcessBeanDefinitionRegistry(ConfigurationClassPostProcessor.java:290) ~[spring-context-6.2.2.jar:6.2.2]
	at org.springframework.context.support.PostProcessorRegistrationDelegate.invokeBeanDefinitionRegistryPostProcessors(PostProcessorRegistrationDelegate.java:349) ~[spring-context-6.2.2.jar:6.2.2]
	at org.springframework.context.support.PostProcessorRegistrationDelegate.invokeBeanFactoryPostProcessors(PostProcessorRegistrationDelegate.java:118) ~[spring-context-6.2.2.jar:6.2.2]
	at org.springframework.context.support.AbstractApplicationContext.invokeBeanFactoryPostProcessors(AbstractApplicationContext.java:791) ~[spring-context-6.2.2.jar:6.2.2]
	at org.springframework.context.support.AbstractApplicationContext.refresh(AbstractApplicationContext.java:609) ~[spring-context-6.2.2.jar:6.2.2]
	at org.springframework.boot.web.servlet.context.ServletWebServerApplicationContext.refresh(ServletWebServerApplicationContext.java:146) ~[spring-boot-3.4.2.jar:3.4.2]
	at org.springframework.boot.SpringApplication.refresh(SpringApplication.java:752) ~[spring-boot-3.4.2.jar:3.4.2]
	at org.springframework.boot.SpringApplication.refreshContext(SpringApplication.java:439) ~[spring-boot-3.4.2.jar:3.4.2]
	at org.springframework.boot.SpringApplication.run(SpringApplication.java:318) ~[spring-boot-3.4.2.jar:3.4.2]
	at org.springframework.boot.SpringApplication.run(SpringApplication.java:1361) ~[spring-boot-3.4.2.jar:3.4.2]
	at org.springframework.boot.SpringApplication.run(SpringApplication.java:1350) ~[spring-boot-3.4.2.jar:3.4.2]
	at org.shamee.launcher.Application.main(Application.java:24) ~[classes/:na]
Caused by: org.springframework.context.annotation.ConflictingBeanDefinitionException: Annotation-specified bean name 'globalExceptionHandler' for bean class [org.shamee.common.exception.GlobalExceptionHandler] conflicts with existing, non-compatible bean definition of same name and class [org.shamee.system.exception.GlobalExceptionHandler]
	at org.springframework.context.annotation.ClassPathBeanDefinitionScanner.checkCandidate(ClassPathBeanDefinitionScanner.java:361) ~[spring-context-6.2.2.jar:6.2.2]
	at org.springframework.context.annotation.ClassPathBeanDefinitionScanner.doScan(ClassPathBeanDefinitionScanner.java:288) ~[spring-context-6.2.2.jar:6.2.2]
	at org.springframework.context.annotation.ComponentScanAnnotationParser.parse(ComponentScanAnnotationParser.java:128) ~[spring-context-6.2.2.jar:6.2.2]
	at org.springframework.context.annotation.ConfigurationClassParser.doProcessConfigurationClass(ConfigurationClassParser.java:332) ~[spring-context-6.2.2.jar:6.2.2]
	at org.springframework.context.annotation.ConfigurationClassParser.processConfigurationClass(ConfigurationClassParser.java:267) ~[spring-context-6.2.2.jar:6.2.2]
	at org.springframework.context.annotation.ConfigurationClassParser.parse(ConfigurationClassParser.java:193) ~[spring-context-6.2.2.jar:6.2.2]
	at org.springframework.context.annotation.ConfigurationClassParser.parse(ConfigurationClassParser.java:171) ~[spring-context-6.2.2.jar:6.2.2]
	... 13 common frames omitted

2025-07-04 22:25:57.337  INFO 14348 --- [main] org.shamee.launcher.Application          : Starting Application using Java 21.0.6 with PID 14348 (E:\idea_projects\chai-admin\chai-admin-service\chai-admin-launcher\target\classes started by 79304 in E:\idea_projects\chai-admin\chai-admin-service\chai-admin-launcher)
2025-07-04 22:25:57.340 DEBUG 14348 --- [main] org.shamee.launcher.Application          : Running with Spring Boot v3.4.2, Spring v6.2.2
2025-07-04 22:25:57.341  INFO 14348 --- [main] org.shamee.launcher.Application          : The following 1 profile is active: "dev"
2025-07-04 22:25:57.478  WARN 14348 --- [main] ConfigServletWebServerApplicationContext : Exception encountered during context initialization - cancelling refresh attempt: org.springframework.beans.factory.BeanDefinitionStoreException: Failed to parse configuration class [org.shamee.launcher.Application]
2025-07-04 22:25:57.610 ERROR 14348 --- [main] o.s.boot.SpringApplication               : Application run failed

org.springframework.beans.factory.BeanDefinitionStoreException: Failed to parse configuration class [org.shamee.launcher.Application]
	at org.springframework.context.annotation.ConfigurationClassParser.parse(ConfigurationClassParser.java:185) ~[spring-context-6.2.2.jar:6.2.2]
	at org.springframework.context.annotation.ConfigurationClassPostProcessor.processConfigBeanDefinitions(ConfigurationClassPostProcessor.java:418) ~[spring-context-6.2.2.jar:6.2.2]
	at org.springframework.context.annotation.ConfigurationClassPostProcessor.postProcessBeanDefinitionRegistry(ConfigurationClassPostProcessor.java:290) ~[spring-context-6.2.2.jar:6.2.2]
	at org.springframework.context.support.PostProcessorRegistrationDelegate.invokeBeanDefinitionRegistryPostProcessors(PostProcessorRegistrationDelegate.java:349) ~[spring-context-6.2.2.jar:6.2.2]
	at org.springframework.context.support.PostProcessorRegistrationDelegate.invokeBeanFactoryPostProcessors(PostProcessorRegistrationDelegate.java:118) ~[spring-context-6.2.2.jar:6.2.2]
	at org.springframework.context.support.AbstractApplicationContext.invokeBeanFactoryPostProcessors(AbstractApplicationContext.java:791) ~[spring-context-6.2.2.jar:6.2.2]
	at org.springframework.context.support.AbstractApplicationContext.refresh(AbstractApplicationContext.java:609) ~[spring-context-6.2.2.jar:6.2.2]
	at org.springframework.boot.web.servlet.context.ServletWebServerApplicationContext.refresh(ServletWebServerApplicationContext.java:146) ~[spring-boot-3.4.2.jar:3.4.2]
	at org.springframework.boot.SpringApplication.refresh(SpringApplication.java:752) ~[spring-boot-3.4.2.jar:3.4.2]
	at org.springframework.boot.SpringApplication.refreshContext(SpringApplication.java:439) ~[spring-boot-3.4.2.jar:3.4.2]
	at org.springframework.boot.SpringApplication.run(SpringApplication.java:318) ~[spring-boot-3.4.2.jar:3.4.2]
	at org.springframework.boot.SpringApplication.run(SpringApplication.java:1361) ~[spring-boot-3.4.2.jar:3.4.2]
	at org.springframework.boot.SpringApplication.run(SpringApplication.java:1350) ~[spring-boot-3.4.2.jar:3.4.2]
	at org.shamee.launcher.Application.main(Application.java:24) ~[classes/:na]
Caused by: org.springframework.context.annotation.ConflictingBeanDefinitionException: Annotation-specified bean name 'globalExceptionHandler' for bean class [org.shamee.common.exception.GlobalExceptionHandler] conflicts with existing, non-compatible bean definition of same name and class [org.shamee.system.exception.GlobalExceptionHandler]
	at org.springframework.context.annotation.ClassPathBeanDefinitionScanner.checkCandidate(ClassPathBeanDefinitionScanner.java:361) ~[spring-context-6.2.2.jar:6.2.2]
	at org.springframework.context.annotation.ClassPathBeanDefinitionScanner.doScan(ClassPathBeanDefinitionScanner.java:288) ~[spring-context-6.2.2.jar:6.2.2]
	at org.springframework.context.annotation.ComponentScanAnnotationParser.parse(ComponentScanAnnotationParser.java:128) ~[spring-context-6.2.2.jar:6.2.2]
	at org.springframework.context.annotation.ConfigurationClassParser.doProcessConfigurationClass(ConfigurationClassParser.java:332) ~[spring-context-6.2.2.jar:6.2.2]
	at org.springframework.context.annotation.ConfigurationClassParser.processConfigurationClass(ConfigurationClassParser.java:267) ~[spring-context-6.2.2.jar:6.2.2]
	at org.springframework.context.annotation.ConfigurationClassParser.parse(ConfigurationClassParser.java:193) ~[spring-context-6.2.2.jar:6.2.2]
	at org.springframework.context.annotation.ConfigurationClassParser.parse(ConfigurationClassParser.java:171) ~[spring-context-6.2.2.jar:6.2.2]
	... 13 common frames omitted

